2015-07-21 10:57:39,514 root         INFO     Demarrage application
2015-07-21 10:57:39,522 root         DEBUG    La connection au serveur est etablie
2015-07-21 10:57:41,036 root         DEBUG    bclick
2015-07-21 10:57:41,036 root         DEBUG    b'LEFT'
2015-07-21 10:57:41,116 root         DEBUG    Button Left Released
2015-07-21 11:11:35,996 root         INFO     Demarrage application
2015-07-21 11:11:36,004 root         DEBUG    La connection au serveur est etablie
2015-07-21 11:11:37,644 root         DEBUG    bclick
2015-07-21 11:11:37,644 root         DEBUG    b'LEFT'
2015-07-21 11:16:42,312 root         INFO     Demarrage application
2015-07-21 11:16:42,320 root         DEBUG    La connection au serveur est etablie
2015-07-21 11:16:43,851 root         DEBUG    Button FORWARD click
2015-07-21 11:16:43,852 root         DEBUG    b'FORWARD'
2015-07-21 11:16:44,636 root         DEBUG    Button LEFT click
2015-07-21 11:16:44,636 root         DEBUG    b'LEFT'
2015-07-21 11:16:45,268 root         DEBUG    Button STOP click
2015-07-21 11:16:45,268 root         DEBUG    b'STOP'
2015-07-21 11:16:45,828 root         DEBUG    Button RIGHT click
2015-07-21 11:16:45,828 root         DEBUG    b'RIGHT'
2015-07-21 11:16:46,340 root         DEBUG    Button BACKWARD click
2015-07-21 11:16:46,340 root         DEBUG    b'BACKWARD'
2015-07-21 11:16:48,475 root         DEBUG    Button BACKWARD click
2015-07-21 11:16:48,476 root         DEBUG    b'BACKWARD'
2015-07-21 11:16:48,899 root         DEBUG    Button RIGHT click
2015-07-21 11:16:48,900 root         DEBUG    b'RIGHT'
2015-07-21 11:16:49,419 root         DEBUG    Button STOP click
2015-07-21 11:16:49,420 root         DEBUG    b'STOP'
2015-07-21 11:16:50,155 root         DEBUG    Button LEFT click
2015-07-21 11:16:50,156 root         DEBUG    b'LEFT'
2015-07-21 11:16:50,636 root         DEBUG    Button FORWARD click
2015-07-21 11:16:50,637 root         DEBUG    b'FORWARD'
2015-07-21 11:21:47,971 root         INFO     Demarrage application
2015-07-21 11:21:47,981 root         DEBUG    La connection au serveur est etablie
2015-07-21 11:21:49,164 root         DEBUG    Button FORWARD click
2015-07-21 11:21:49,164 root         DEBUG    Message envoye : b'FORWARD'
2015-07-21 11:21:49,684 root         DEBUG    Button LEFT click
2015-07-21 11:21:49,684 root         DEBUG    Message envoye : b'LEFT'
2015-07-21 11:21:50,195 root         DEBUG    Button STOP click
2015-07-21 11:21:50,196 root         DEBUG    Message envoye : b'STOP'
2015-07-21 11:21:50,564 root         DEBUG    Button RIGHT click
2015-07-21 11:21:50,564 root         DEBUG    Message envoye : b'RIGHT'
2015-07-21 11:21:50,980 root         DEBUG    Button BACKWARD click
2015-07-21 11:21:50,980 root         DEBUG    Message envoye : b'BACKWARD'
2015-07-21 11:21:53,723 root         DEBUG    Button STOP click
2015-07-21 11:21:53,724 root         DEBUG    Message envoye : b'STOP'
2015-07-21 11:21:53,931 root         DEBUG    Button STOP click
2015-07-21 11:21:53,932 root         DEBUG    Message envoye : b'STOP'
2015-07-21 11:21:54,227 root         DEBUG    Button STOP click
2015-07-21 11:21:54,228 root         DEBUG    Message envoye : b'STOP'
