2015-07-21 10:57:37,184 root         INFO     Demarrage application
2015-07-21 10:57:37,191 root         DEBUG    Connection AVANT listen
2015-07-21 10:57:37,207 root         DEBUG    Connection APRES listen
2015-07-21 10:57:39,522 root         DEBUG    La connection est etablie : 192.168.1.100 54417
2015-07-21 10:57:41,037 root         DEBUG    Message recu : LEFT
2015-07-21 11:11:33,410 root         INFO     Demarrage application
2015-07-21 11:11:33,417 root         DEBUG    Connection AVANT listen
2015-07-21 11:11:33,434 root         DEBUG    Connection APRES listen
2015-07-21 11:11:36,004 root         DEBUG    La connection est etablie : 192.168.1.100 54539
2015-07-21 11:11:37,645 root         DEBUG    Message recu : LEFT
2015-07-21 11:16:40,419 root         INFO     Demarrage application
2015-07-21 11:16:40,425 root         DEBUG    Connection AVANT listen
2015-07-21 11:16:40,438 root         DEBUG    Connection APRES listen
2015-07-21 11:16:42,321 root         DEBUG    La connection est etablie : 192.168.1.100 54545
2015-07-21 11:16:43,853 root         DEBUG    Message recu : FORWARD
2015-07-21 11:16:44,637 root         DEBUG    Message recu : LEFT
2015-07-21 11:16:45,269 root         DEBUG    Message recu : STOP
2015-07-21 11:16:45,828 root         DEBUG    Message recu : RIGHT
2015-07-21 11:16:46,340 root         DEBUG    Message recu : BACKWARD
2015-07-21 11:16:48,476 root         DEBUG    Message recu : BACKWARD
2015-07-21 11:16:48,900 root         DEBUG    Message recu : RIGHT
2015-07-21 11:16:49,420 root         DEBUG    Message recu : STOP
2015-07-21 11:16:50,156 root         DEBUG    Message recu : LEFT
2015-07-21 11:16:50,637 root         DEBUG    Message recu : FORWARD
2015-07-21 11:18:38,880 root         INFO     Demarrage application
2015-07-21 11:18:38,886 root         DEBUG    Connection AVANT listen
2015-07-21 11:18:38,902 root         DEBUG    Connection APRES listen
2015-07-21 11:19:46,625 root         INFO     Demarrage application
2015-07-21 11:19:46,631 root         DEBUG    Connection AVANT listen
2015-07-21 11:19:46,644 root         DEBUG    Connection APRES listen
2015-07-21 11:20:10,138 root         INFO     Demarrage application
2015-07-21 11:20:10,144 root         DEBUG    Connection AVANT listen
2015-07-21 11:20:10,159 root         DEBUG    Connection APRES listen
2015-07-21 11:21:23,649 root         INFO     Demarrage application
2015-07-21 11:21:23,655 root         DEBUG    Connection AVANT listen
2015-07-21 11:21:23,668 root         DEBUG    Connection APRES listen
2015-07-21 11:21:45,750 root         INFO     Demarrage application
2015-07-21 11:21:45,756 root         DEBUG    Connection AVANT listen
2015-07-21 11:21:45,772 root         DEBUG    Connection APRES listen
2015-07-21 11:21:47,981 root         DEBUG    La connection est etablie : 192.168.1.100 54575
2015-07-21 11:21:49,165 root         DEBUG    Message recu : FORWARD
2015-07-21 11:21:49,684 root         DEBUG    Message recu : LEFT
2015-07-21 11:21:50,196 root         DEBUG    Message recu : STOP
2015-07-21 11:21:50,564 root         DEBUG    Message recu : RIGHT
2015-07-21 11:21:50,980 root         DEBUG    Message recu : BACKWARD
2015-07-21 11:21:53,724 root         DEBUG    Message recu : STOP
2015-07-21 11:21:53,932 root         DEBUG    Message recu : STOP
2015-07-21 11:21:54,228 root         DEBUG    Message recu : STOP
